<?xml version="1.0" encoding="UTF-8"?>
<!-- Generated by org.testng.reporters.JUnitReportReporter -->
<testsuite hostname="DESKTOP-AF0RHMU" failures="0" tests="2" name="Tests.LoginTest" time="20.772" errors="0" timestamp="2022-11-20T16:52:32 IST" skipped="0">
  <testcase classname="Tests.LoginTest" name="login" time="16.659"/>
  <system-out/>
  <testcase classname="Tests.LoginTest" name="login" time="4.113"/>
  <system-out/>
</testsuite> <!-- Tests.LoginTest -->
